android/app/build/intermediates/manifest_merge_blame_file/debug/manifest-merger-blame-debug-report.txt
1<?xml version="1.0" encoding="utf-8"?>
2<manifest xmlns:android="http://schemas.android.com/apk/res/android"
3    package="com.medicbleep.handwashtimer"
4    android:versionCode="1"
5    android:versionName="1.0" >
6
7    <uses-sdk
8        android:minSdkVersion="16"
9        android:targetSdkVersion="28" />
10
11    <uses-permission android:name="android.permission.SYSTEM_ALERT_WINDOW" />
11-->src/debug/AndroidManifest.xml:5:5-77
11-->src/debug/AndroidManifest.xml:5:22-75
12    <uses-permission android:name="android.permission.INTERNET" />
12-->src/main/AndroidManifest.xml:4:5-67
12-->src/main/AndroidManifest.xml:4:22-64
13    <uses-permission android:name="android.permission.ACCESS_WIFI_STATE" /> <!-- Although the *SdkVersion is captured in gradle build files, this is required for non gradle builds -->
13-->[com.facebook.flipper:flipper:0.33.1] AndroidManifest.xml:16:5-76
13-->[com.facebook.flipper:flipper:0.33.1] AndroidManifest.xml:16:22-73
14    <!-- <uses-sdk android:minSdkVersion="14"/> -->
15    <uses-permission android:name="android.permission.ACCESS_NETWORK_STATE" />
15-->[com.google.android.datatransport:transport-backend-cct:2.2.0] AndroidManifest.xml:25:5-79
15-->[com.google.android.datatransport:transport-backend-cct:2.2.0] AndroidManifest.xml:25:22-76
16    <uses-permission android:name="android.permission.WAKE_LOCK" /> <!-- Required by older versions of Google Play services to create IID tokens -->
16-->[com.google.firebase:firebase-iid:20.1.7] AndroidManifest.xml:24:5-68
16-->[com.google.firebase:firebase-iid:20.1.7] AndroidManifest.xml:24:22-65
17    <uses-permission android:name="com.google.android.c2dm.permission.RECEIVE" /> <!-- for android -->
17-->[com.google.firebase:firebase-iid:20.1.7] AndroidManifest.xml:26:5-82
17-->[com.google.firebase:firebase-iid:20.1.7] AndroidManifest.xml:26:22-79
18    <!-- <uses-permission android:name="com.android.launcher.permission.READ_SETTINGS"/> -->
19    <!-- <uses-permission android:name="com.android.launcher.permission.WRITE_SETTINGS"/> -->
20    <!-- <uses-permission android:name="com.android.launcher.permission.INSTALL_SHORTCUT" /> -->
21    <!-- <uses-permission android:name="com.android.launcher.permission.UNINSTALL_SHORTCUT" /> -->
22    <!-- for Samsung -->
23    <uses-permission android:name="com.sec.android.provider.badge.permission.READ" />
23-->[me.leolin:ShortcutBadger:1.1.22] AndroidManifest.xml:19:5-86
23-->[me.leolin:ShortcutBadger:1.1.22] AndroidManifest.xml:19:22-83
24    <uses-permission android:name="com.sec.android.provider.badge.permission.WRITE" /> <!-- for htc -->
24-->[me.leolin:ShortcutBadger:1.1.22] AndroidManifest.xml:20:5-87
24-->[me.leolin:ShortcutBadger:1.1.22] AndroidManifest.xml:20:22-84
25    <uses-permission android:name="com.htc.launcher.permission.READ_SETTINGS" />
25-->[me.leolin:ShortcutBadger:1.1.22] AndroidManifest.xml:23:5-81
25-->[me.leolin:ShortcutBadger:1.1.22] AndroidManifest.xml:23:22-78
26    <uses-permission android:name="com.htc.launcher.permission.UPDATE_SHORTCUT" /> <!-- for sony -->
26-->[me.leolin:ShortcutBadger:1.1.22] AndroidManifest.xml:24:5-83
26-->[me.leolin:ShortcutBadger:1.1.22] AndroidManifest.xml:24:22-80
27    <uses-permission android:name="com.sonyericsson.home.permission.BROADCAST_BADGE" />
27-->[me.leolin:ShortcutBadger:1.1.22] AndroidManifest.xml:27:5-88
27-->[me.leolin:ShortcutBadger:1.1.22] AndroidManifest.xml:27:22-85
28    <uses-permission android:name="com.sonymobile.home.permission.PROVIDER_INSERT_BADGE" /> <!-- for apex -->
28-->[me.leolin:ShortcutBadger:1.1.22] AndroidManifest.xml:28:5-92
28-->[me.leolin:ShortcutBadger:1.1.22] AndroidManifest.xml:28:22-89
29    <uses-permission android:name="com.anddoes.launcher.permission.UPDATE_COUNT" /> <!-- for solid -->
29-->[me.leolin:ShortcutBadger:1.1.22] AndroidManifest.xml:31:5-84
29-->[me.leolin:ShortcutBadger:1.1.22] AndroidManifest.xml:31:22-81
30    <uses-permission android:name="com.majeur.launcher.permission.UPDATE_BADGE" /> <!-- for huawei -->
30-->[me.leolin:ShortcutBadger:1.1.22] AndroidManifest.xml:34:5-83
30-->[me.leolin:ShortcutBadger:1.1.22] AndroidManifest.xml:34:22-80
31    <uses-permission android:name="com.huawei.android.launcher.permission.CHANGE_BADGE" />
31-->[me.leolin:ShortcutBadger:1.1.22] AndroidManifest.xml:37:5-91
31-->[me.leolin:ShortcutBadger:1.1.22] AndroidManifest.xml:37:22-88
32    <uses-permission android:name="com.huawei.android.launcher.permission.READ_SETTINGS" />
32-->[me.leolin:ShortcutBadger:1.1.22] AndroidManifest.xml:38:5-92
32-->[me.leolin:ShortcutBadger:1.1.22] AndroidManifest.xml:38:22-89
33    <uses-permission android:name="com.huawei.android.launcher.permission.WRITE_SETTINGS" /> <!-- for ZUK -->
33-->[me.leolin:ShortcutBadger:1.1.22] AndroidManifest.xml:39:5-93
33-->[me.leolin:ShortcutBadger:1.1.22] AndroidManifest.xml:39:22-90
34    <uses-permission android:name="android.permission.READ_APP_BADGE" /> <!-- for OPPO -->
34-->[me.leolin:ShortcutBadger:1.1.22] AndroidManifest.xml:42:5-73
34-->[me.leolin:ShortcutBadger:1.1.22] AndroidManifest.xml:42:22-70
35    <uses-permission android:name="com.oppo.launcher.permission.READ_SETTINGS" />
35-->[me.leolin:ShortcutBadger:1.1.22] AndroidManifest.xml:45:5-82
35-->[me.leolin:ShortcutBadger:1.1.22] AndroidManifest.xml:45:22-79
36    <uses-permission android:name="com.oppo.launcher.permission.WRITE_SETTINGS" /> <!-- for EvMe -->
36-->[me.leolin:ShortcutBadger:1.1.22] AndroidManifest.xml:46:5-83
36-->[me.leolin:ShortcutBadger:1.1.22] AndroidManifest.xml:46:22-80
37    <uses-permission android:name="me.everything.badger.permission.BADGE_COUNT_READ" />
37-->[me.leolin:ShortcutBadger:1.1.22] AndroidManifest.xml:49:5-88
37-->[me.leolin:ShortcutBadger:1.1.22] AndroidManifest.xml:49:22-85
38    <uses-permission android:name="me.everything.badger.permission.BADGE_COUNT_WRITE" />
38-->[me.leolin:ShortcutBadger:1.1.22] AndroidManifest.xml:50:5-89
38-->[me.leolin:ShortcutBadger:1.1.22] AndroidManifest.xml:50:22-86
39
40    <application
40-->src/main/AndroidManifest.xml:6:5-25:19
41        android:name="com.handwashtimer.MainApplication"
41-->src/main/AndroidManifest.xml:7:7-38
42        android:allowBackup="false"
42-->src/main/AndroidManifest.xml:11:7-34
43        android:appComponentFactory="androidx.core.app.CoreComponentFactory"
43-->[androidx.core:core:1.1.0] AndroidManifest.xml:24:18-86
44        android:debuggable="true"
45        android:icon="@mipmap/ic_launcher"
45-->src/main/AndroidManifest.xml:9:7-41
46        android:label="@string/app_name"
46-->src/main/AndroidManifest.xml:8:7-39
47        android:roundIcon="@mipmap/ic_launcher_round"
47-->src/main/AndroidManifest.xml:10:7-52
48        android:theme="@style/AppTheme"
48-->src/main/AndroidManifest.xml:12:7-38
49        android:usesCleartextTraffic="true" >
49-->src/debug/AndroidManifest.xml:7:18-53
50        <activity
50-->src/main/AndroidManifest.xml:13:7-23:18
51            android:name="com.handwashtimer.MainActivity"
51-->src/main/AndroidManifest.xml:14:9-37
52            android:configChanges="keyboard|keyboardHidden|orientation|screenSize|uiMode"
52-->src/main/AndroidManifest.xml:16:9-86
53            android:label="@string/app_name"
53-->src/main/AndroidManifest.xml:15:9-41
54            android:launchMode="singleTask"
54-->src/main/AndroidManifest.xml:17:9-40
55            android:windowSoftInputMode="adjustResize" >
55-->src/main/AndroidManifest.xml:18:9-51
56            <intent-filter>
56-->src/main/AndroidManifest.xml:19:9-22:25
57                <action android:name="android.intent.action.MAIN" />
57-->src/main/AndroidManifest.xml:20:13-65
57-->src/main/AndroidManifest.xml:20:21-62
58
59                <category android:name="android.intent.category.LAUNCHER" />
59-->src/main/AndroidManifest.xml:21:13-73
59-->src/main/AndroidManifest.xml:21:23-70
60            </intent-filter>
61        </activity>
62        <activity android:name="com.facebook.react.devsupport.DevSettingsActivity" />
62-->src/main/AndroidManifest.xml:24:7-84
62-->src/main/AndroidManifest.xml:24:17-81
63        <!--
64             FirebaseMessagingService performs security checks at runtime,
65             but set to not exported to explicitly avoid allowing another app to call it.
66        -->
67        <service
67-->[com.google.firebase:firebase-messaging:20.1.7] AndroidManifest.xml:28:9-34:19
68            android:name="com.google.firebase.messaging.FirebaseMessagingService"
68-->[com.google.firebase:firebase-messaging:20.1.7] AndroidManifest.xml:29:13-82
69            android:exported="false" >
69-->[com.google.firebase:firebase-messaging:20.1.7] AndroidManifest.xml:30:13-37
70            <intent-filter android:priority="-500" >
70-->[com.google.firebase:firebase-messaging:20.1.7] AndroidManifest.xml:31:13-33:29
70-->[com.google.firebase:firebase-messaging:20.1.7] AndroidManifest.xml:31:28-51
71                <action android:name="com.google.firebase.MESSAGING_EVENT" />
71-->[com.google.firebase:firebase-messaging:20.1.7] AndroidManifest.xml:32:17-78
71-->[com.google.firebase:firebase-messaging:20.1.7] AndroidManifest.xml:32:25-75
72            </intent-filter>
73        </service>
74        <service
74-->[com.google.firebase:firebase-messaging:20.1.7] AndroidManifest.xml:35:9-41:19
75            android:name="com.google.firebase.components.ComponentDiscoveryService"
75-->[com.google.firebase:firebase-messaging:20.1.7] AndroidManifest.xml:36:13-84
76            android:directBootAware="true"
76-->[com.google.firebase:firebase-common:19.3.0] AndroidManifest.xml:34:13-43
77            android:exported="false" >
77-->[com.google.firebase:firebase-messaging:20.1.7] AndroidManifest.xml:37:13-37
78            <meta-data
78-->[com.google.firebase:firebase-messaging:20.1.7] AndroidManifest.xml:38:13-40:85
79                android:name="com.google.firebase.components:com.google.firebase.messaging.FirebaseMessagingRegistrar"
79-->[com.google.firebase:firebase-messaging:20.1.7] AndroidManifest.xml:39:17-119
80                android:value="com.google.firebase.components.ComponentRegistrar" />
80-->[com.google.firebase:firebase-messaging:20.1.7] AndroidManifest.xml:40:17-82
81            <meta-data
81-->[com.google.firebase:firebase-datatransport:17.0.3] AndroidManifest.xml:28:13-30:85
82                android:name="com.google.firebase.components:com.google.firebase.datatransport.TransportRegistrar"
82-->[com.google.firebase:firebase-datatransport:17.0.3] AndroidManifest.xml:29:17-115
83                android:value="com.google.firebase.components.ComponentRegistrar" />
83-->[com.google.firebase:firebase-datatransport:17.0.3] AndroidManifest.xml:30:17-82
84            <meta-data
84-->[com.google.firebase:firebase-iid:20.1.7] AndroidManifest.xml:32:13-34:85
85                android:name="com.google.firebase.components:com.google.firebase.iid.Registrar"
85-->[com.google.firebase:firebase-iid:20.1.7] AndroidManifest.xml:33:17-96
86                android:value="com.google.firebase.components.ComponentRegistrar" />
86-->[com.google.firebase:firebase-iid:20.1.7] AndroidManifest.xml:34:17-82
87            <meta-data
87-->[com.google.firebase:firebase-installations:16.3.0] AndroidManifest.xml:17:13-19:85
88                android:name="com.google.firebase.components:com.google.firebase.installations.FirebaseInstallationsRegistrar"
88-->[com.google.firebase:firebase-installations:16.3.0] AndroidManifest.xml:18:17-127
89                android:value="com.google.firebase.components.ComponentRegistrar" />
89-->[com.google.firebase:firebase-installations:16.3.0] AndroidManifest.xml:19:17-82
90        </service>
91        <service
91-->[com.google.android.datatransport:transport-backend-cct:2.2.0] AndroidManifest.xml:29:9-35:19
92            android:name="com.google.android.datatransport.runtime.backends.TransportBackendDiscovery"
92-->[com.google.android.datatransport:transport-backend-cct:2.2.0] AndroidManifest.xml:30:13-103
93            android:exported="false" >
93-->[com.google.android.datatransport:transport-backend-cct:2.2.0] AndroidManifest.xml:31:13-37
94            <meta-data
94-->[com.google.android.datatransport:transport-backend-cct:2.2.0] AndroidManifest.xml:32:13-34:39
95                android:name="backend:com.google.android.datatransport.cct.CctBackendFactory"
95-->[com.google.android.datatransport:transport-backend-cct:2.2.0] AndroidManifest.xml:33:17-94
96                android:value="cct" />
96-->[com.google.android.datatransport:transport-backend-cct:2.2.0] AndroidManifest.xml:34:17-36
97        </service>
98        <service
98-->[com.google.android.datatransport:transport-runtime:2.2.0] AndroidManifest.xml:26:9-30:19
99            android:name="com.google.android.datatransport.runtime.scheduling.jobscheduling.JobInfoSchedulerService"
99-->[com.google.android.datatransport:transport-runtime:2.2.0] AndroidManifest.xml:27:13-117
100            android:exported="false"
100-->[com.google.android.datatransport:transport-runtime:2.2.0] AndroidManifest.xml:28:13-37
101            android:permission="android.permission.BIND_JOB_SERVICE" >
101-->[com.google.android.datatransport:transport-runtime:2.2.0] AndroidManifest.xml:29:13-69
102        </service>
103
104        <receiver
104-->[com.google.android.datatransport:transport-runtime:2.2.0] AndroidManifest.xml:32:9-34:40
105            android:name="com.google.android.datatransport.runtime.scheduling.jobscheduling.AlarmManagerSchedulerBroadcastReceiver"
105-->[com.google.android.datatransport:transport-runtime:2.2.0] AndroidManifest.xml:33:13-132
106            android:exported="false" />
106-->[com.google.android.datatransport:transport-runtime:2.2.0] AndroidManifest.xml:34:13-37
107        <receiver
107-->[com.google.firebase:firebase-iid:20.1.7] AndroidManifest.xml:37:9-44:20
108            android:name="com.google.firebase.iid.FirebaseInstanceIdReceiver"
108-->[com.google.firebase:firebase-iid:20.1.7] AndroidManifest.xml:38:13-78
109            android:exported="true"
109-->[com.google.firebase:firebase-iid:20.1.7] AndroidManifest.xml:39:13-36
110            android:permission="com.google.android.c2dm.permission.SEND" >
110-->[com.google.firebase:firebase-iid:20.1.7] AndroidManifest.xml:40:13-73
111            <intent-filter>
111-->[com.google.firebase:firebase-iid:20.1.7] AndroidManifest.xml:41:13-43:29
112                <action android:name="com.google.android.c2dm.intent.RECEIVE" />
112-->[com.google.firebase:firebase-iid:20.1.7] AndroidManifest.xml:42:17-81
112-->[com.google.firebase:firebase-iid:20.1.7] AndroidManifest.xml:42:25-78
113            </intent-filter>
114        </receiver>
115
116        <provider
116-->[com.google.firebase:firebase-common:19.3.0] AndroidManifest.xml:26:9-30:39
117            android:name="com.google.firebase.provider.FirebaseInitProvider"
117-->[com.google.firebase:firebase-common:19.3.0] AndroidManifest.xml:27:13-77
118            android:authorities="com.medicbleep.handwashtimer.firebaseinitprovider"
118-->[com.google.firebase:firebase-common:19.3.0] AndroidManifest.xml:28:13-72
119            android:exported="false"
119-->[com.google.firebase:firebase-common:19.3.0] AndroidManifest.xml:29:13-37
120            android:initOrder="100" />
120-->[com.google.firebase:firebase-common:19.3.0] AndroidManifest.xml:30:13-36
121
122        <activity
122-->[com.google.android.gms:play-services-base:17.0.0] AndroidManifest.xml:23:9-26:75
123            android:name="com.google.android.gms.common.api.GoogleApiActivity"
123-->[com.google.android.gms:play-services-base:17.0.0] AndroidManifest.xml:24:13-79
124            android:exported="false"
124-->[com.google.android.gms:play-services-base:17.0.0] AndroidManifest.xml:25:13-37
125            android:theme="@android:style/Theme.Translucent.NoTitleBar" />
125-->[com.google.android.gms:play-services-base:17.0.0] AndroidManifest.xml:26:13-72
126
127        <meta-data
127-->[com.google.android.gms:play-services-basement:17.0.0] AndroidManifest.xml:23:9-25:69
128            android:name="com.google.android.gms.version"
128-->[com.google.android.gms:play-services-basement:17.0.0] AndroidManifest.xml:24:13-58
129            android:value="@integer/google_play_services_version" />
129-->[com.google.android.gms:play-services-basement:17.0.0] AndroidManifest.xml:25:13-66
130    </application>
131
132</manifest>